<?xml version="1.0" encoding="UTF-8"?>
<coverage generated="1581251438962" clover="3.2.0">
  <project timestamp="1581251438962" name="All files">
    <metrics statements="143" coveredstatements="43" conditionals="91" coveredconditionals="3" methods="50" coveredmethods="7" elements="284" coveredelements="53" complexity="0" loc="143" ncloc="143" packages="14" files="36" classes="36"/>
    <package name="Components.CurrentWeatherAdditional">
      <metrics statements="4" coveredstatements="2" conditionals="2" coveredconditionals="0" methods="2" coveredmethods="0"/>
      <file name="CurrentWeatherAdditional.tsx" path="/Users/jhu/Projects/Interviews/WeatherWidget/src/Components/CurrentWeatherAdditional/CurrentWeatherAdditional.tsx">
        <metrics statements="4" coveredstatements="2" conditionals="2" coveredconditionals="0" methods="2" coveredmethods="0"/>
        <line num="9" count="5" type="stmt"/>
        <line num="10" count="0" type="stmt"/>
        <line num="12" count="0" type="stmt"/>
        <line num="74" count="5" type="stmt"/>
      </file>
      <file name="index.ts" path="/Users/jhu/Projects/Interviews/WeatherWidget/src/Components/CurrentWeatherAdditional/index.ts">
        <metrics statements="0" coveredstatements="0" conditionals="0" coveredconditionals="0" methods="0" coveredmethods="0"/>
      </file>
    </package>
    <package name="Components.CurrentWeatherMain">
      <metrics statements="5" coveredstatements="2" conditionals="8" coveredconditionals="0" methods="3" coveredmethods="0"/>
      <file name="CurrentWeatherMain.tsx" path="/Users/jhu/Projects/Interviews/WeatherWidget/src/Components/CurrentWeatherMain/CurrentWeatherMain.tsx">
        <metrics statements="5" coveredstatements="2" conditionals="8" coveredconditionals="0" methods="3" coveredmethods="0"/>
        <line num="11" count="5" type="stmt"/>
        <line num="12" count="0" type="stmt"/>
        <line num="13" count="0" type="stmt"/>
        <line num="15" count="0" type="stmt"/>
        <line num="74" count="5" type="stmt"/>
      </file>
      <file name="index.ts" path="/Users/jhu/Projects/Interviews/WeatherWidget/src/Components/CurrentWeatherMain/index.ts">
        <metrics statements="0" coveredstatements="0" conditionals="0" coveredconditionals="0" methods="0" coveredmethods="0"/>
      </file>
    </package>
    <package name="Components.Shared.ForecastDaily">
      <metrics statements="6" coveredstatements="2" conditionals="12" coveredconditionals="0" methods="3" coveredmethods="0"/>
      <file name="ForecastDaily.tsx" path="/Users/jhu/Projects/Interviews/WeatherWidget/src/Components/Shared/ForecastDaily/ForecastDaily.tsx">
        <metrics statements="6" coveredstatements="2" conditionals="12" coveredconditionals="0" methods="3" coveredmethods="0"/>
        <line num="17" count="3" type="stmt"/>
        <line num="18" count="0" type="stmt"/>
        <line num="19" count="0" type="stmt"/>
        <line num="21" count="0" type="cond" truecount="0" falsecount="2"/>
        <line num="23" count="0" type="stmt"/>
        <line num="65" count="3" type="stmt"/>
      </file>
      <file name="index.ts" path="/Users/jhu/Projects/Interviews/WeatherWidget/src/Components/Shared/ForecastDaily/index.ts">
        <metrics statements="0" coveredstatements="0" conditionals="0" coveredconditionals="0" methods="0" coveredmethods="0"/>
      </file>
    </package>
    <package name="Components.Shared.Header">
      <metrics statements="5" coveredstatements="4" conditionals="0" coveredconditionals="0" methods="2" coveredmethods="1"/>
      <file name="Header.tsx" path="/Users/jhu/Projects/Interviews/WeatherWidget/src/Components/Shared/Header/Header.tsx">
        <metrics statements="5" coveredstatements="4" conditionals="0" coveredconditionals="0" methods="2" coveredmethods="1"/>
        <line num="8" count="2" type="stmt"/>
        <line num="9" count="1" type="stmt"/>
        <line num="11" count="1" type="stmt"/>
        <line num="15" count="0" type="stmt"/>
        <line num="23" count="2" type="stmt"/>
      </file>
      <file name="index.ts" path="/Users/jhu/Projects/Interviews/WeatherWidget/src/Components/Shared/Header/index.ts">
        <metrics statements="0" coveredstatements="0" conditionals="0" coveredconditionals="0" methods="0" coveredmethods="0"/>
      </file>
    </package>
    <package name="Components.Shared.SearchBox">
      <metrics statements="11" coveredstatements="2" conditionals="2" coveredconditionals="0" methods="5" coveredmethods="0"/>
      <file name="SearchBox.tsx" path="/Users/jhu/Projects/Interviews/WeatherWidget/src/Components/Shared/SearchBox/SearchBox.tsx">
        <metrics statements="11" coveredstatements="2" conditionals="2" coveredconditionals="0" methods="5" coveredmethods="0"/>
        <line num="11" count="2" type="stmt"/>
        <line num="12" count="0" type="stmt"/>
        <line num="13" count="0" type="stmt"/>
        <line num="15" count="0" type="stmt"/>
        <line num="20" count="0" type="stmt"/>
        <line num="22" count="0" type="stmt"/>
        <line num="23" count="0" type="stmt"/>
        <line num="26" count="0" type="stmt"/>
        <line num="29" count="0" type="stmt"/>
        <line num="33" count="0" type="cond" truecount="0" falsecount="2"/>
        <line num="40" count="2" type="stmt"/>
      </file>
      <file name="index.ts" path="/Users/jhu/Projects/Interviews/WeatherWidget/src/Components/Shared/SearchBox/index.ts">
        <metrics statements="0" coveredstatements="0" conditionals="0" coveredconditionals="0" methods="0" coveredmethods="0"/>
      </file>
    </package>
    <package name="Components.Shared.UnitSwitcher">
      <metrics statements="11" coveredstatements="6" conditionals="7" coveredconditionals="1" methods="5" coveredmethods="2"/>
      <file name="UnitSwitcher.tsx" path="/Users/jhu/Projects/Interviews/WeatherWidget/src/Components/Shared/UnitSwitcher/UnitSwitcher.tsx">
        <metrics statements="6" coveredstatements="2" conditionals="4" coveredconditionals="0" methods="3" coveredmethods="0"/>
        <line num="9" count="2" type="stmt"/>
        <line num="10" count="0" type="stmt"/>
        <line num="11" count="0" type="stmt"/>
        <line num="13" count="0" type="stmt"/>
        <line num="14" count="0" type="stmt"/>
        <line num="24" count="2" type="stmt"/>
      </file>
      <file name="actions.ts" path="/Users/jhu/Projects/Interviews/WeatherWidget/src/Components/Shared/UnitSwitcher/actions.ts">
        <metrics statements="1" coveredstatements="1" conditionals="0" coveredconditionals="0" methods="1" coveredmethods="1"/>
        <line num="4" count="2" type="stmt"/>
      </file>
      <file name="index.ts" path="/Users/jhu/Projects/Interviews/WeatherWidget/src/Components/Shared/UnitSwitcher/index.ts">
        <metrics statements="0" coveredstatements="0" conditionals="0" coveredconditionals="0" methods="0" coveredmethods="0"/>
      </file>
      <file name="reducer.ts" path="/Users/jhu/Projects/Interviews/WeatherWidget/src/Components/Shared/UnitSwitcher/reducer.ts">
        <metrics statements="3" coveredstatements="2" conditionals="3" coveredconditionals="1" methods="1" coveredmethods="1"/>
        <line num="7" count="1" type="cond" truecount="1" falsecount="1"/>
        <line num="9" count="1" type="stmt"/>
        <line num="15" count="0" type="stmt"/>
      </file>
      <file name="types.ts" path="/Users/jhu/Projects/Interviews/WeatherWidget/src/Components/Shared/UnitSwitcher/types.ts">
        <metrics statements="1" coveredstatements="1" conditionals="0" coveredconditionals="0" methods="0" coveredmethods="0"/>
        <line num="5" count="4" type="stmt"/>
      </file>
    </package>
    <package name="Views.CurrentWeather">
      <metrics statements="13" coveredstatements="6" conditionals="8" coveredconditionals="1" methods="3" coveredmethods="2"/>
      <file name="CurrentWeather.tsx" path="/Users/jhu/Projects/Interviews/WeatherWidget/src/Views/CurrentWeather/CurrentWeather.tsx">
        <metrics statements="8" coveredstatements="2" conditionals="5" coveredconditionals="0" methods="1" coveredmethods="0"/>
        <line num="13" count="4" type="stmt"/>
        <line num="14" count="0" type="stmt"/>
        <line num="15" count="0" type="stmt"/>
        <line num="21" count="0" type="stmt"/>
        <line num="22" count="0" type="cond" truecount="0" falsecount="5"/>
        <line num="23" count="0" type="stmt"/>
        <line num="26" count="0" type="stmt"/>
        <line num="34" count="4" type="stmt"/>
      </file>
      <file name="actions.ts" path="/Users/jhu/Projects/Interviews/WeatherWidget/src/Views/CurrentWeather/actions.ts">
        <metrics statements="1" coveredstatements="1" conditionals="0" coveredconditionals="0" methods="1" coveredmethods="1"/>
        <line num="4" count="2" type="stmt"/>
      </file>
      <file name="index.ts" path="/Users/jhu/Projects/Interviews/WeatherWidget/src/Views/CurrentWeather/index.ts">
        <metrics statements="0" coveredstatements="0" conditionals="0" coveredconditionals="0" methods="0" coveredmethods="0"/>
      </file>
      <file name="reducer.ts" path="/Users/jhu/Projects/Interviews/WeatherWidget/src/Views/CurrentWeather/reducer.ts">
        <metrics statements="3" coveredstatements="2" conditionals="3" coveredconditionals="1" methods="1" coveredmethods="1"/>
        <line num="7" count="1" type="cond" truecount="1" falsecount="1"/>
        <line num="9" count="1" type="stmt"/>
        <line num="15" count="0" type="stmt"/>
      </file>
      <file name="types.ts" path="/Users/jhu/Projects/Interviews/WeatherWidget/src/Views/CurrentWeather/types.ts">
        <metrics statements="1" coveredstatements="1" conditionals="0" coveredconditionals="0" methods="0" coveredmethods="0"/>
        <line num="25" count="6" type="stmt"/>
      </file>
    </package>
    <package name="Views.Drawer">
      <metrics statements="5" coveredstatements="2" conditionals="0" coveredconditionals="0" methods="5" coveredmethods="0"/>
      <file name="Drawer.tsx" path="/Users/jhu/Projects/Interviews/WeatherWidget/src/Views/Drawer/Drawer.tsx">
        <metrics statements="5" coveredstatements="2" conditionals="0" coveredconditionals="0" methods="5" coveredmethods="0"/>
        <line num="9" count="1" type="stmt"/>
        <line num="10" count="0" type="stmt"/>
        <line num="12" count="0" type="stmt"/>
        <line num="17" count="0" type="stmt"/>
        <line num="24" count="1" type="stmt"/>
      </file>
    </package>
    <package name="Views.Forecast">
      <metrics statements="16" coveredstatements="6" conditionals="10" coveredconditionals="1" methods="5" coveredmethods="2"/>
      <file name="Forecast.tsx" path="/Users/jhu/Projects/Interviews/WeatherWidget/src/Views/Forecast/Forecast.tsx">
        <metrics statements="11" coveredstatements="2" conditionals="7" coveredconditionals="0" methods="3" coveredmethods="0"/>
        <line num="13" count="2" type="stmt"/>
        <line num="14" count="0" type="stmt"/>
        <line num="16" count="0" type="stmt"/>
        <line num="17" count="0" type="stmt"/>
        <line num="25" count="0" type="stmt"/>
        <line num="26" count="0" type="cond" truecount="0" falsecount="5"/>
        <line num="27" count="0" type="stmt"/>
        <line num="28" count="0" type="stmt"/>
        <line num="31" count="0" type="cond" truecount="0" falsecount="2"/>
        <line num="39" count="0" type="stmt"/>
        <line num="51" count="2" type="stmt"/>
      </file>
      <file name="actions.ts" path="/Users/jhu/Projects/Interviews/WeatherWidget/src/Views/Forecast/actions.ts">
        <metrics statements="1" coveredstatements="1" conditionals="0" coveredconditionals="0" methods="1" coveredmethods="1"/>
        <line num="4" count="2" type="stmt"/>
      </file>
      <file name="index.ts" path="/Users/jhu/Projects/Interviews/WeatherWidget/src/Views/Forecast/index.ts">
        <metrics statements="0" coveredstatements="0" conditionals="0" coveredconditionals="0" methods="0" coveredmethods="0"/>
      </file>
      <file name="reducer.ts" path="/Users/jhu/Projects/Interviews/WeatherWidget/src/Views/Forecast/reducer.ts">
        <metrics statements="3" coveredstatements="2" conditionals="3" coveredconditionals="1" methods="1" coveredmethods="1"/>
        <line num="7" count="1" type="cond" truecount="1" falsecount="1"/>
        <line num="9" count="1" type="stmt"/>
        <line num="12" count="0" type="stmt"/>
      </file>
      <file name="types.ts" path="/Users/jhu/Projects/Interviews/WeatherWidget/src/Views/Forecast/types.ts">
        <metrics statements="1" coveredstatements="1" conditionals="0" coveredconditionals="0" methods="0" coveredmethods="0"/>
        <line num="29" count="4" type="stmt"/>
      </file>
    </package>
    <package name="Views.Weather">
      <metrics statements="3" coveredstatements="2" conditionals="0" coveredconditionals="0" methods="1" coveredmethods="0"/>
      <file name="Weather.tsx" path="/Users/jhu/Projects/Interviews/WeatherWidget/src/Views/Weather/Weather.tsx">
        <metrics statements="3" coveredstatements="2" conditionals="0" coveredconditionals="0" methods="1" coveredmethods="0"/>
        <line num="8" count="1" type="stmt"/>
        <line num="9" count="0" type="stmt"/>
        <line num="22" count="1" type="stmt"/>
      </file>
    </package>
    <package name="constants">
      <metrics statements="2" coveredstatements="2" conditionals="0" coveredconditionals="0" methods="0" coveredmethods="0"/>
      <file name="a11y.ts" path="/Users/jhu/Projects/Interviews/WeatherWidget/src/constants/a11y.ts">
        <metrics statements="1" coveredstatements="1" conditionals="0" coveredconditionals="0" methods="0" coveredmethods="0"/>
        <line num="1" count="8" type="stmt"/>
      </file>
      <file name="strings.ts" path="/Users/jhu/Projects/Interviews/WeatherWidget/src/constants/strings.ts">
        <metrics statements="1" coveredstatements="1" conditionals="0" coveredconditionals="0" methods="0" coveredmethods="0"/>
        <line num="1" count="7" type="stmt"/>
      </file>
    </package>
    <package name="hooks">
      <metrics statements="41" coveredstatements="6" conditionals="22" coveredconditionals="0" methods="11" coveredmethods="0"/>
      <file name="reducers.ts" path="/Users/jhu/Projects/Interviews/WeatherWidget/src/hooks/reducers.ts">
        <metrics statements="6" coveredstatements="1" conditionals="4" coveredconditionals="0" methods="1" coveredmethods="0"/>
        <line num="14" count="5" type="stmt"/>
        <line num="15" count="0" type="cond" truecount="0" falsecount="4"/>
        <line num="17" count="0" type="stmt"/>
        <line num="23" count="0" type="stmt"/>
        <line num="30" count="0" type="stmt"/>
        <line num="37" count="0" type="stmt"/>
      </file>
      <file name="types.ts" path="/Users/jhu/Projects/Interviews/WeatherWidget/src/hooks/types.ts">
        <metrics statements="3" coveredstatements="3" conditionals="0" coveredconditionals="0" methods="0" coveredmethods="0"/>
        <line num="9" count="5" type="stmt"/>
        <line num="10" count="5" type="stmt"/>
        <line num="11" count="5" type="stmt"/>
      </file>
      <file name="useApi.ts" path="/Users/jhu/Projects/Interviews/WeatherWidget/src/hooks/useApi.ts">
        <metrics statements="21" coveredstatements="1" conditionals="12" coveredconditionals="0" methods="4" coveredmethods="0"/>
        <line num="16" count="5" type="stmt"/>
        <line num="22" count="0" type="stmt"/>
        <line num="27" count="0" type="stmt"/>
        <line num="28" count="0" type="cond" truecount="0" falsecount="2"/>
        <line num="29" count="0" type="stmt"/>
        <line num="30" count="0" type="stmt"/>
        <line num="32" count="0" type="stmt"/>
        <line num="33" count="0" type="stmt"/>
        <line num="35" count="0" type="stmt"/>
        <line num="36" count="0" type="stmt"/>
        <line num="38" count="0" type="stmt"/>
        <line num="39" count="0" type="stmt"/>
        <line num="40" count="0" type="stmt"/>
        <line num="41" count="0" type="stmt"/>
        <line num="42" count="0" type="cond" truecount="0" falsecount="2"/>
        <line num="44" count="0" type="cond" truecount="0" falsecount="2"/>
        <line num="45" count="0" type="cond" truecount="0" falsecount="2"/>
        <line num="49" count="0" type="cond" truecount="0" falsecount="2"/>
        <line num="51" count="0" type="stmt"/>
        <line num="52" count="0" type="stmt"/>
        <line num="56" count="0" type="stmt"/>
      </file>
      <file name="useLocation.ts" path="/Users/jhu/Projects/Interviews/WeatherWidget/src/hooks/useLocation.ts">
        <metrics statements="11" coveredstatements="1" conditionals="6" coveredconditionals="0" methods="6" coveredmethods="0"/>
        <line num="7" count="4" type="stmt"/>
        <line num="8" count="0" type="stmt"/>
        <line num="10" count="0" type="stmt"/>
        <line num="11" count="0" type="stmt"/>
        <line num="13" count="0" type="cond" truecount="0" falsecount="2"/>
        <line num="14" count="0" type="stmt"/>
        <line num="16" count="0" type="stmt"/>
        <line num="22" count="0" type="cond" truecount="0" falsecount="2"/>
        <line num="27" count="0" type="stmt"/>
        <line num="33" count="0" type="cond" truecount="0" falsecount="2"/>
        <line num="37" count="0" type="stmt"/>
      </file>
    </package>
    <package name="styles">
      <metrics statements="1" coveredstatements="1" conditionals="0" coveredconditionals="0" methods="0" coveredmethods="0"/>
      <file name="colors.ts" path="/Users/jhu/Projects/Interviews/WeatherWidget/src/styles/colors.ts">
        <metrics statements="1" coveredstatements="1" conditionals="0" coveredconditionals="0" methods="0" coveredmethods="0"/>
        <line num="1" count="9" type="stmt"/>
      </file>
    </package>
    <package name="utils">
      <metrics statements="20" coveredstatements="0" conditionals="20" coveredconditionals="0" methods="5" coveredmethods="0"/>
      <file name="index.ts" path="/Users/jhu/Projects/Interviews/WeatherWidget/src/utils/index.ts">
        <metrics statements="9" coveredstatements="0" conditionals="8" coveredconditionals="0" methods="4" coveredmethods="0"/>
        <line num="2" count="0" type="cond" truecount="0" falsecount="4"/>
        <line num="3" count="0" type="cond" truecount="0" falsecount="4"/>
        <line num="5" count="0" type="stmt"/>
        <line num="7" count="0" type="stmt"/>
        <line num="9" count="0" type="stmt"/>
        <line num="11" count="0" type="stmt"/>
        <line num="16" count="0" type="stmt"/>
        <line num="20" count="0" type="stmt"/>
        <line num="24" count="0" type="stmt"/>
      </file>
      <file name="permission.ts" path="/Users/jhu/Projects/Interviews/WeatherWidget/src/utils/permission.ts">
        <metrics statements="11" coveredstatements="0" conditionals="12" coveredconditionals="0" methods="1" coveredmethods="0"/>
        <line num="7" count="0" type="cond" truecount="0" falsecount="2"/>
        <line num="8" count="0" type="stmt"/>
        <line num="9" count="0" type="stmt"/>
        <line num="11" count="0" type="cond" truecount="0" falsecount="2"/>
        <line num="12" count="0" type="cond" truecount="0" falsecount="4"/>
        <line num="13" count="0" type="stmt"/>
        <line num="15" count="0" type="cond" truecount="0" falsecount="2"/>
        <line num="16" count="0" type="stmt"/>
        <line num="17" count="0" type="stmt"/>
        <line num="18" count="0" type="cond" truecount="0" falsecount="2"/>
        <line num="19" count="0" type="stmt"/>
      </file>
    </package>
  </project>
</coverage>
