{"/Users/jhu/Projects/Interviews/WeatherWidget/src/Components/CurrentWeatherAdditional/CurrentWeatherAdditional.tsx": {"path":"/Users/jhu/Projects/Interviews/WeatherWidget/src/Components/CurrentWeatherAdditional/CurrentWeatherAdditional.tsx","statementMap":{"0":{"start":{"line":9,"column":33},"end":{"line":72,"column":1}},"1":{"start":{"line":10,"column":18},"end":{"line":10,"column":66}},"2":{"start":{"line":10,"column":52},"end":{"line":10,"column":65}},"3":{"start":{"line":12,"column":2},"end":{"line":71,"column":4}},"4":{"start":{"line":74,"column":15},"end":{"line":84,"column":2}}},"fnMap":{"0":{"name":"(anonymous_0)","decl":{"start":{"line":9,"column":33},"end":{"line":9,"column":34}},"loc":{"start":{"line":9,"column":39},"end":{"line":72,"column":1}},"line":9},"1":{"name":"(anonymous_1)","decl":{"start":{"line":10,"column":30},"end":{"line":10,"column":31}},"loc":{"start":{"line":10,"column":52},"end":{"line":10,"column":65}},"line":10}},"branchMap":{"0":{"loc":{"start":{"line":13,"column":4},"end":{"line":70,"column":5}},"type":"binary-expr","locations":[{"start":{"line":13,"column":4},"end":{"line":13,"column":11}},{"start":{"line":14,"column":6},"end":{"line":69,"column":13}}],"line":13}},"s":{"0":5,"1":0,"2":0,"3":0,"4":5},"f":{"0":0,"1":0},"b":{"0":[0,0]},"_coverageSchema":"1a1c01bbd47fc00a2c39e90264f33305004495a9","hash":"01b17dd4e9014da376744a1c98f0904b9e14553a"}
,"/Users/jhu/Projects/Interviews/WeatherWidget/src/Components/CurrentWeatherAdditional/index.ts": {"path":"/Users/jhu/Projects/Interviews/WeatherWidget/src/Components/CurrentWeatherAdditional/index.ts","statementMap":{},"fnMap":{},"branchMap":{},"s":{},"f":{},"b":{},"_coverageSchema":"1a1c01bbd47fc00a2c39e90264f33305004495a9","hash":"d8b40a3e9498644838039a8507f2e2ee28aa28a6"}
,"/Users/jhu/Projects/Interviews/WeatherWidget/src/Components/CurrentWeatherMain/CurrentWeatherMain.tsx": {"path":"/Users/jhu/Projects/Interviews/WeatherWidget/src/Components/CurrentWeatherMain/CurrentWeatherMain.tsx","statementMap":{"0":{"start":{"line":11,"column":27},"end":{"line":72,"column":1}},"1":{"start":{"line":12,"column":18},"end":{"line":12,"column":66}},"2":{"start":{"line":12,"column":52},"end":{"line":12,"column":65}},"3":{"start":{"line":13,"column":18},"end":{"line":13,"column":71}},"4":{"start":{"line":13,"column":52},"end":{"line":13,"column":70}},"5":{"start":{"line":15,"column":2},"end":{"line":71,"column":4}},"6":{"start":{"line":74,"column":15},"end":{"line":100,"column":2}}},"fnMap":{"0":{"name":"(anonymous_0)","decl":{"start":{"line":11,"column":27},"end":{"line":11,"column":28}},"loc":{"start":{"line":11,"column":33},"end":{"line":72,"column":1}},"line":11},"1":{"name":"(anonymous_1)","decl":{"start":{"line":12,"column":30},"end":{"line":12,"column":31}},"loc":{"start":{"line":12,"column":52},"end":{"line":12,"column":65}},"line":12},"2":{"name":"(anonymous_2)","decl":{"start":{"line":13,"column":30},"end":{"line":13,"column":31}},"loc":{"start":{"line":13,"column":52},"end":{"line":13,"column":70}},"line":13}},"branchMap":{"0":{"loc":{"start":{"line":16,"column":4},"end":{"line":70,"column":5}},"type":"binary-expr","locations":[{"start":{"line":16,"column":4},"end":{"line":16,"column":11}},{"start":{"line":17,"column":6},"end":{"line":69,"column":13}}],"line":16},"1":{"loc":{"start":{"line":57,"column":14},"end":{"line":59,"column":72}},"type":"cond-expr","locations":[{"start":{"line":58,"column":18},"end":{"line":58,"column":42}},{"start":{"line":59,"column":18},"end":{"line":59,"column":72}}],"line":57},"2":{"loc":{"start":{"line":63,"column":13},"end":{"line":63,"column":76}},"type":"cond-expr","locations":[{"start":{"line":63,"column":23},"end":{"line":63,"column":35}},{"start":{"line":63,"column":38},"end":{"line":63,"column":76}}],"line":63},"3":{"loc":{"start":{"line":66,"column":14},"end":{"line":66,"column":33}},"type":"cond-expr","locations":[{"start":{"line":66,"column":24},"end":{"line":66,"column":27}},{"start":{"line":66,"column":30},"end":{"line":66,"column":33}}],"line":66}},"s":{"0":5,"1":0,"2":0,"3":0,"4":0,"5":0,"6":5},"f":{"0":0,"1":0,"2":0},"b":{"0":[0,0],"1":[0,0],"2":[0,0],"3":[0,0]},"_coverageSchema":"1a1c01bbd47fc00a2c39e90264f33305004495a9","hash":"23097cd6b1e0c80184cb470416a18a1401bced7b"}
,"/Users/jhu/Projects/Interviews/WeatherWidget/src/Components/CurrentWeatherMain/index.ts": {"path":"/Users/jhu/Projects/Interviews/WeatherWidget/src/Components/CurrentWeatherMain/index.ts","statementMap":{},"fnMap":{},"branchMap":{},"s":{},"f":{},"b":{},"_coverageSchema":"1a1c01bbd47fc00a2c39e90264f33305004495a9","hash":"9784d5ede2ccf32426d2e8cf9b0a2f42f0852e63"}
,"/Users/jhu/Projects/Interviews/WeatherWidget/src/Components/Shared/ForecastDaily/ForecastDaily.tsx": {"path":"/Users/jhu/Projects/Interviews/WeatherWidget/src/Components/Shared/ForecastDaily/ForecastDaily.tsx","statementMap":{"0":{"start":{"line":17,"column":22},"end":{"line":63,"column":1}},"1":{"start":{"line":18,"column":18},"end":{"line":18,"column":66}},"2":{"start":{"line":18,"column":52},"end":{"line":18,"column":65}},"3":{"start":{"line":19,"column":18},"end":{"line":19,"column":71}},"4":{"start":{"line":19,"column":52},"end":{"line":19,"column":70}},"5":{"start":{"line":21,"column":19},"end":{"line":21,"column":52}},"6":{"start":{"line":23,"column":2},"end":{"line":62,"column":4}},"7":{"start":{"line":65,"column":15},"end":{"line":86,"column":2}}},"fnMap":{"0":{"name":"(anonymous_0)","decl":{"start":{"line":17,"column":22},"end":{"line":17,"column":23}},"loc":{"start":{"line":17,"column":72},"end":{"line":63,"column":1}},"line":17},"1":{"name":"(anonymous_1)","decl":{"start":{"line":18,"column":30},"end":{"line":18,"column":31}},"loc":{"start":{"line":18,"column":52},"end":{"line":18,"column":65}},"line":18},"2":{"name":"(anonymous_2)","decl":{"start":{"line":19,"column":30},"end":{"line":19,"column":31}},"loc":{"start":{"line":19,"column":52},"end":{"line":19,"column":70}},"line":19}},"branchMap":{"0":{"loc":{"start":{"line":21,"column":19},"end":{"line":21,"column":52}},"type":"cond-expr","locations":[{"start":{"line":21,"column":29},"end":{"line":21,"column":48}},{"start":{"line":21,"column":51},"end":{"line":21,"column":52}}],"line":21},"1":{"loc":{"start":{"line":31,"column":9},"end":{"line":36,"column":19}},"type":"cond-expr","locations":[{"start":{"line":32,"column":12},"end":{"line":35,"column":13}},{"start":{"line":36,"column":12},"end":{"line":36,"column":19}}],"line":31},"2":{"loc":{"start":{"line":32,"column":12},"end":{"line":35,"column":13}},"type":"binary-expr","locations":[{"start":{"line":32,"column":12},"end":{"line":32,"column":19}},{"start":{"line":33,"column":12},"end":{"line":35,"column":13}}],"line":32},"3":{"loc":{"start":{"line":34,"column":14},"end":{"line":34,"column":77}},"type":"cond-expr","locations":[{"start":{"line":34,"column":38},"end":{"line":34,"column":58}},{"start":{"line":34,"column":61},"end":{"line":34,"column":77}}],"line":34},"4":{"loc":{"start":{"line":48,"column":11},"end":{"line":50,"column":62}},"type":"cond-expr","locations":[{"start":{"line":49,"column":14},"end":{"line":49,"column":36}},{"start":{"line":50,"column":14},"end":{"line":50,"column":62}}],"line":48},"5":{"loc":{"start":{"line":55,"column":11},"end":{"line":57,"column":62}},"type":"cond-expr","locations":[{"start":{"line":56,"column":14},"end":{"line":56,"column":36}},{"start":{"line":57,"column":14},"end":{"line":57,"column":62}}],"line":55}},"s":{"0":3,"1":0,"2":0,"3":0,"4":0,"5":0,"6":0,"7":3},"f":{"0":0,"1":0,"2":0},"b":{"0":[0,0],"1":[0,0],"2":[0,0],"3":[0,0],"4":[0,0],"5":[0,0]},"_coverageSchema":"1a1c01bbd47fc00a2c39e90264f33305004495a9","hash":"6fca4a5c666581bcbb978cd6e78647cdd1cfd9e1"}
,"/Users/jhu/Projects/Interviews/WeatherWidget/src/Components/Shared/ForecastDaily/index.ts": {"path":"/Users/jhu/Projects/Interviews/WeatherWidget/src/Components/Shared/ForecastDaily/index.ts","statementMap":{},"fnMap":{},"branchMap":{},"s":{},"f":{},"b":{},"_coverageSchema":"1a1c01bbd47fc00a2c39e90264f33305004495a9","hash":"a58c48210eaa01ef47076c185dcff8db08c6e9d2"}
,"/Users/jhu/Projects/Interviews/WeatherWidget/src/Components/Shared/Header/Header.tsx": {"path":"/Users/jhu/Projects/Interviews/WeatherWidget/src/Components/Shared/Header/Header.tsx","statementMap":{"0":{"start":{"line":8,"column":15},"end":{"line":21,"column":1}},"1":{"start":{"line":9,"column":26},"end":{"line":9,"column":41}},"2":{"start":{"line":11,"column":2},"end":{"line":20,"column":4}},"3":{"start":{"line":15,"column":23},"end":{"line":15,"column":46}},"4":{"start":{"line":23,"column":15},"end":{"line":31,"column":2}}},"fnMap":{"0":{"name":"(anonymous_0)","decl":{"start":{"line":8,"column":15},"end":{"line":8,"column":16}},"loc":{"start":{"line":8,"column":21},"end":{"line":21,"column":1}},"line":8},"1":{"name":"(anonymous_1)","decl":{"start":{"line":15,"column":17},"end":{"line":15,"column":18}},"loc":{"start":{"line":15,"column":23},"end":{"line":15,"column":46}},"line":15}},"branchMap":{},"s":{"0":2,"1":1,"2":1,"3":0,"4":2},"f":{"0":1,"1":0},"b":{},"_coverageSchema":"1a1c01bbd47fc00a2c39e90264f33305004495a9","hash":"8b9d679dc18a45f9ac9e1e646c22e84f3be2dd50"}
,"/Users/jhu/Projects/Interviews/WeatherWidget/src/Components/Shared/Header/index.ts": {"path":"/Users/jhu/Projects/Interviews/WeatherWidget/src/Components/Shared/Header/index.ts","statementMap":{},"fnMap":{},"branchMap":{},"s":{},"f":{},"b":{},"_coverageSchema":"1a1c01bbd47fc00a2c39e90264f33305004495a9","hash":"8d9eaea17587b6a306e18a0f84db18e05d200011"}
,"/Users/jhu/Projects/Interviews/WeatherWidget/src/Components/Shared/SearchBox/SearchBox.tsx": {"path":"/Users/jhu/Projects/Interviews/WeatherWidget/src/Components/Shared/SearchBox/SearchBox.tsx","statementMap":{"0":{"start":{"line":11,"column":18},"end":{"line":38,"column":1}},"1":{"start":{"line":12,"column":28},"end":{"line":12,"column":40}},"2":{"start":{"line":13,"column":19},"end":{"line":13,"column":32}},"3":{"start":{"line":15,"column":2},"end":{"line":37,"column":4}},"4":{"start":{"line":20,"column":28},"end":{"line":20,"column":42}},"5":{"start":{"line":22,"column":20},"end":{"line":22,"column":108}},"6":{"start":{"line":23,"column":8},"end":{"line":34,"column":13}},"7":{"start":{"line":26,"column":12},"end":{"line":26,"column":57}},"8":{"start":{"line":29,"column":12},"end":{"line":32,"column":14}},"9":{"start":{"line":33,"column":12},"end":{"line":33,"column":42}},"10":{"start":{"line":40,"column":15},"end":{"line":47,"column":2}}},"fnMap":{"0":{"name":"(anonymous_0)","decl":{"start":{"line":11,"column":18},"end":{"line":11,"column":19}},"loc":{"start":{"line":11,"column":24},"end":{"line":38,"column":1}},"line":11},"1":{"name":"(anonymous_1)","decl":{"start":{"line":20,"column":20},"end":{"line":20,"column":21}},"loc":{"start":{"line":20,"column":28},"end":{"line":20,"column":42}},"line":20},"2":{"name":"(anonymous_2)","decl":{"start":{"line":21,"column":23},"end":{"line":21,"column":24}},"loc":{"start":{"line":21,"column":29},"end":{"line":35,"column":7}},"line":21},"3":{"name":"(anonymous_3)","decl":{"start":{"line":25,"column":16},"end":{"line":25,"column":17}},"loc":{"start":{"line":25,"column":28},"end":{"line":27,"column":11}},"line":25},"4":{"name":"(anonymous_4)","decl":{"start":{"line":28,"column":17},"end":{"line":28,"column":18}},"loc":{"start":{"line":28,"column":26},"end":{"line":34,"column":11}},"line":28}},"branchMap":{"0":{"loc":{"start":{"line":33,"column":12},"end":{"line":33,"column":41}},"type":"binary-expr","locations":[{"start":{"line":33,"column":12},"end":{"line":33,"column":19}},{"start":{"line":33,"column":23},"end":{"line":33,"column":41}}],"line":33}},"s":{"0":2,"1":0,"2":0,"3":0,"4":0,"5":0,"6":0,"7":0,"8":0,"9":0,"10":2},"f":{"0":0,"1":0,"2":0,"3":0,"4":0},"b":{"0":[0,0]},"_coverageSchema":"1a1c01bbd47fc00a2c39e90264f33305004495a9","hash":"7469ec0a3e5ba9a715ea093d30f6badbb2f667df"}
,"/Users/jhu/Projects/Interviews/WeatherWidget/src/Components/Shared/SearchBox/index.ts": {"path":"/Users/jhu/Projects/Interviews/WeatherWidget/src/Components/Shared/SearchBox/index.ts","statementMap":{},"fnMap":{},"branchMap":{},"s":{},"f":{},"b":{},"_coverageSchema":"1a1c01bbd47fc00a2c39e90264f33305004495a9","hash":"9f70a4309439203024e586a2edf12acee6c625bd"}
,"/Users/jhu/Projects/Interviews/WeatherWidget/src/Components/Shared/UnitSwitcher/UnitSwitcher.tsx": {"path":"/Users/jhu/Projects/Interviews/WeatherWidget/src/Components/Shared/UnitSwitcher/UnitSwitcher.tsx","statementMap":{"0":{"start":{"line":9,"column":21},"end":{"line":22,"column":1}},"1":{"start":{"line":10,"column":18},"end":{"line":10,"column":71}},"2":{"start":{"line":10,"column":52},"end":{"line":10,"column":70}},"3":{"start":{"line":11,"column":19},"end":{"line":11,"column":32}},"4":{"start":{"line":13,"column":2},"end":{"line":21,"column":4}},"5":{"start":{"line":14,"column":37},"end":{"line":14,"column":59}},"6":{"start":{"line":24,"column":15},"end":{"line":31,"column":2}}},"fnMap":{"0":{"name":"(anonymous_0)","decl":{"start":{"line":9,"column":21},"end":{"line":9,"column":22}},"loc":{"start":{"line":9,"column":27},"end":{"line":22,"column":1}},"line":9},"1":{"name":"(anonymous_1)","decl":{"start":{"line":10,"column":30},"end":{"line":10,"column":31}},"loc":{"start":{"line":10,"column":52},"end":{"line":10,"column":70}},"line":10},"2":{"name":"(anonymous_2)","decl":{"start":{"line":14,"column":31},"end":{"line":14,"column":32}},"loc":{"start":{"line":14,"column":37},"end":{"line":14,"column":59}},"line":14}},"branchMap":{"0":{"loc":{"start":{"line":16,"column":21},"end":{"line":16,"column":48}},"type":"binary-expr","locations":[{"start":{"line":16,"column":21},"end":{"line":16,"column":28}},{"start":{"line":16,"column":32},"end":{"line":16,"column":48}}],"line":16},"1":{"loc":{"start":{"line":18,"column":21},"end":{"line":18,"column":49}},"type":"binary-expr","locations":[{"start":{"line":18,"column":21},"end":{"line":18,"column":29}},{"start":{"line":18,"column":33},"end":{"line":18,"column":49}}],"line":18}},"s":{"0":2,"1":0,"2":0,"3":0,"4":0,"5":0,"6":2},"f":{"0":0,"1":0,"2":0},"b":{"0":[0,0],"1":[0,0]},"_coverageSchema":"1a1c01bbd47fc00a2c39e90264f33305004495a9","hash":"c95ca3facf4a1fbe02f599548fafa1e5e9814a2b"}
,"/Users/jhu/Projects/Interviews/WeatherWidget/src/Components/Shared/UnitSwitcher/actions.ts": {"path":"/Users/jhu/Projects/Interviews/WeatherWidget/src/Components/Shared/UnitSwitcher/actions.ts","statementMap":{"0":{"start":{"line":4,"column":2},"end":{"line":6,"column":4}}},"fnMap":{"0":{"name":"toggleUnit","decl":{"start":{"line":3,"column":16},"end":{"line":3,"column":26}},"loc":{"start":{"line":3,"column":45},"end":{"line":7,"column":1}},"line":3}},"branchMap":{},"s":{"0":2},"f":{"0":2},"b":{},"_coverageSchema":"1a1c01bbd47fc00a2c39e90264f33305004495a9","hash":"65134b66ed24c8ecd417ba17c8a7228d76ecc71a"}
,"/Users/jhu/Projects/Interviews/WeatherWidget/src/Components/Shared/UnitSwitcher/index.ts": {"path":"/Users/jhu/Projects/Interviews/WeatherWidget/src/Components/Shared/UnitSwitcher/index.ts","statementMap":{},"fnMap":{},"branchMap":{},"s":{},"f":{},"b":{},"_coverageSchema":"1a1c01bbd47fc00a2c39e90264f33305004495a9","hash":"d88c5eebd0b20dac9f7c47645d7c1b98cddc5ce0"}
,"/Users/jhu/Projects/Interviews/WeatherWidget/src/Components/Shared/UnitSwitcher/reducer.ts": {"path":"/Users/jhu/Projects/Interviews/WeatherWidget/src/Components/Shared/UnitSwitcher/reducer.ts","statementMap":{"0":{"start":{"line":7,"column":2},"end":{"line":16,"column":3}},"1":{"start":{"line":9,"column":6},"end":{"line":12,"column":8}},"2":{"start":{"line":15,"column":6},"end":{"line":15,"column":19}}},"fnMap":{"0":{"name":"unitReducer","decl":{"start":{"line":3,"column":16},"end":{"line":3,"column":27}},"loc":{"start":{"line":6,"column":13},"end":{"line":17,"column":1}},"line":6}},"branchMap":{"0":{"loc":{"start":{"line":4,"column":2},"end":{"line":4,"column":38}},"type":"default-arg","locations":[{"start":{"line":4,"column":21},"end":{"line":4,"column":38}}],"line":4},"1":{"loc":{"start":{"line":7,"column":2},"end":{"line":16,"column":3}},"type":"switch","locations":[{"start":{"line":8,"column":4},"end":{"line":12,"column":8}},{"start":{"line":14,"column":4},"end":{"line":15,"column":19}}],"line":7}},"s":{"0":1,"1":1,"2":0},"f":{"0":1},"b":{"0":[0],"1":[1,0]},"_coverageSchema":"1a1c01bbd47fc00a2c39e90264f33305004495a9","hash":"a4bfa17269dad708460f0c4b1915f527d8d00d93"}
,"/Users/jhu/Projects/Interviews/WeatherWidget/src/Components/Shared/UnitSwitcher/types.ts": {"path":"/Users/jhu/Projects/Interviews/WeatherWidget/src/Components/Shared/UnitSwitcher/types.ts","statementMap":{"0":{"start":{"line":5,"column":27},"end":{"line":5,"column":40}}},"fnMap":{},"branchMap":{},"s":{"0":4},"f":{},"b":{},"_coverageSchema":"1a1c01bbd47fc00a2c39e90264f33305004495a9","hash":"7b4f92e527bac306132cf608ca25677ac23f9cd2"}
,"/Users/jhu/Projects/Interviews/WeatherWidget/src/Views/CurrentWeather/CurrentWeather.tsx": {"path":"/Users/jhu/Projects/Interviews/WeatherWidget/src/Views/CurrentWeather/CurrentWeather.tsx","statementMap":{"0":{"start":{"line":13,"column":23},"end":{"line":32,"column":1}},"1":{"start":{"line":14,"column":24},"end":{"line":14,"column":37}},"2":{"start":{"line":15,"column":39},"end":{"line":20,"column":3}},"3":{"start":{"line":21,"column":19},"end":{"line":21,"column":32}},"4":{"start":{"line":22,"column":2},"end":{"line":24,"column":3}},"5":{"start":{"line":23,"column":4},"end":{"line":23,"column":40}},"6":{"start":{"line":26,"column":2},"end":{"line":31,"column":4}},"7":{"start":{"line":34,"column":15},"end":{"line":36,"column":2}}},"fnMap":{"0":{"name":"(anonymous_0)","decl":{"start":{"line":13,"column":23},"end":{"line":13,"column":24}},"loc":{"start":{"line":13,"column":29},"end":{"line":32,"column":1}},"line":13}},"branchMap":{"0":{"loc":{"start":{"line":22,"column":2},"end":{"line":24,"column":3}},"type":"if","locations":[{"start":{"line":22,"column":2},"end":{"line":24,"column":3}},{"start":{"line":22,"column":2},"end":{"line":24,"column":3}}],"line":22},"1":{"loc":{"start":{"line":22,"column":6},"end":{"line":22,"column":36}},"type":"binary-expr","locations":[{"start":{"line":22,"column":6},"end":{"line":22,"column":16}},{"start":{"line":22,"column":20},"end":{"line":22,"column":28}},{"start":{"line":22,"column":32},"end":{"line":22,"column":36}}],"line":22}},"s":{"0":4,"1":0,"2":0,"3":0,"4":0,"5":0,"6":0,"7":4},"f":{"0":0},"b":{"0":[0,0],"1":[0,0,0]},"_coverageSchema":"1a1c01bbd47fc00a2c39e90264f33305004495a9","hash":"5de8c9e415593898dc8f41c01d8faeede2788164"}
,"/Users/jhu/Projects/Interviews/WeatherWidget/src/Views/CurrentWeather/actions.ts": {"path":"/Users/jhu/Projects/Interviews/WeatherWidget/src/Views/CurrentWeather/actions.ts","statementMap":{"0":{"start":{"line":4,"column":2},"end":{"line":7,"column":4}}},"fnMap":{"0":{"name":"saveCurrent","decl":{"start":{"line":3,"column":16},"end":{"line":3,"column":27}},"loc":{"start":{"line":3,"column":71},"end":{"line":8,"column":1}},"line":3}},"branchMap":{},"s":{"0":2},"f":{"0":2},"b":{},"_coverageSchema":"1a1c01bbd47fc00a2c39e90264f33305004495a9","hash":"6c000d88b1a3cd2afa7528facc1dabec39955611"}
,"/Users/jhu/Projects/Interviews/WeatherWidget/src/Views/CurrentWeather/index.ts": {"path":"/Users/jhu/Projects/Interviews/WeatherWidget/src/Views/CurrentWeather/index.ts","statementMap":{},"fnMap":{},"branchMap":{},"s":{},"f":{},"b":{},"_coverageSchema":"1a1c01bbd47fc00a2c39e90264f33305004495a9","hash":"0bd54e3990110269283e86b442e0fbef905ed227"}
,"/Users/jhu/Projects/Interviews/WeatherWidget/src/Views/CurrentWeather/reducer.ts": {"path":"/Users/jhu/Projects/Interviews/WeatherWidget/src/Views/CurrentWeather/reducer.ts","statementMap":{"0":{"start":{"line":7,"column":2},"end":{"line":16,"column":3}},"1":{"start":{"line":9,"column":6},"end":{"line":12,"column":8}},"2":{"start":{"line":15,"column":6},"end":{"line":15,"column":19}}},"fnMap":{"0":{"name":"currentReducer","decl":{"start":{"line":3,"column":16},"end":{"line":3,"column":30}},"loc":{"start":{"line":6,"column":23},"end":{"line":17,"column":1}},"line":6}},"branchMap":{"0":{"loc":{"start":{"line":4,"column":2},"end":{"line":4,"column":35}},"type":"default-arg","locations":[{"start":{"line":4,"column":31},"end":{"line":4,"column":35}}],"line":4},"1":{"loc":{"start":{"line":7,"column":2},"end":{"line":16,"column":3}},"type":"switch","locations":[{"start":{"line":8,"column":4},"end":{"line":12,"column":8}},{"start":{"line":14,"column":4},"end":{"line":15,"column":19}}],"line":7}},"s":{"0":1,"1":1,"2":0},"f":{"0":1},"b":{"0":[0],"1":[1,0]},"_coverageSchema":"1a1c01bbd47fc00a2c39e90264f33305004495a9","hash":"9fb610ef1324972d624c7fc35e4d5c67999e5312"}
,"/Users/jhu/Projects/Interviews/WeatherWidget/src/Views/CurrentWeather/types.ts": {"path":"/Users/jhu/Projects/Interviews/WeatherWidget/src/Views/CurrentWeather/types.ts","statementMap":{"0":{"start":{"line":25,"column":28},"end":{"line":25,"column":42}}},"fnMap":{},"branchMap":{},"s":{"0":6},"f":{},"b":{},"_coverageSchema":"1a1c01bbd47fc00a2c39e90264f33305004495a9","hash":"ef99c777cc1763df7a1d7bb64b9b2f750bd2c622"}
,"/Users/jhu/Projects/Interviews/WeatherWidget/src/Views/Drawer/Drawer.tsx": {"path":"/Users/jhu/Projects/Interviews/WeatherWidget/src/Views/Drawer/Drawer.tsx","statementMap":{"0":{"start":{"line":9,"column":15},"end":{"line":22,"column":1}},"1":{"start":{"line":10,"column":2},"end":{"line":21,"column":28}},"2":{"start":{"line":12,"column":19},"end":{"line":12,"column":32}},"3":{"start":{"line":17,"column":19},"end":{"line":17,"column":35}},"4":{"start":{"line":24,"column":15},"end":{"line":35,"column":2}}},"fnMap":{"0":{"name":"(anonymous_0)","decl":{"start":{"line":9,"column":15},"end":{"line":9,"column":16}},"loc":{"start":{"line":10,"column":2},"end":{"line":21,"column":28}},"line":10},"1":{"name":"(anonymous_1)","decl":{"start":{"line":12,"column":13},"end":{"line":12,"column":14}},"loc":{"start":{"line":12,"column":19},"end":{"line":12,"column":32}},"line":12},"2":{"name":"(anonymous_2)","decl":{"start":{"line":13,"column":15},"end":{"line":13,"column":16}},"loc":{"start":{"line":13,"column":21},"end":{"line":13,"column":23}},"line":13},"3":{"name":"(anonymous_3)","decl":{"start":{"line":17,"column":13},"end":{"line":17,"column":14}},"loc":{"start":{"line":17,"column":19},"end":{"line":17,"column":35}},"line":17},"4":{"name":"(anonymous_4)","decl":{"start":{"line":18,"column":15},"end":{"line":18,"column":16}},"loc":{"start":{"line":18,"column":21},"end":{"line":18,"column":23}},"line":18}},"branchMap":{},"s":{"0":1,"1":0,"2":0,"3":0,"4":1},"f":{"0":0,"1":0,"2":0,"3":0,"4":0},"b":{},"_coverageSchema":"1a1c01bbd47fc00a2c39e90264f33305004495a9","hash":"65df46cdacc71cbd3ee411ba421fe49d306cd653"}
,"/Users/jhu/Projects/Interviews/WeatherWidget/src/Views/Forecast/Forecast.tsx": {"path":"/Users/jhu/Projects/Interviews/WeatherWidget/src/Views/Forecast/Forecast.tsx","statementMap":{"0":{"start":{"line":13,"column":17},"end":{"line":49,"column":1}},"1":{"start":{"line":14,"column":32},"end":{"line":14,"column":34}},"2":{"start":{"line":16,"column":18},"end":{"line":16,"column":66}},"3":{"start":{"line":16,"column":52},"end":{"line":16,"column":65}},"4":{"start":{"line":17,"column":39},"end":{"line":24,"column":3}},"5":{"start":{"line":25,"column":19},"end":{"line":25,"column":32}},"6":{"start":{"line":26,"column":2},"end":{"line":29,"column":3}},"7":{"start":{"line":27,"column":4},"end":{"line":27,"column":37}},"8":{"start":{"line":28,"column":4},"end":{"line":28,"column":37}},"9":{"start":{"line":31,"column":2},"end":{"line":48,"column":4}},"10":{"start":{"line":39,"column":8},"end":{"line":43,"column":10}},"11":{"start":{"line":51,"column":15},"end":{"line":58,"column":2}}},"fnMap":{"0":{"name":"(anonymous_0)","decl":{"start":{"line":13,"column":17},"end":{"line":13,"column":18}},"loc":{"start":{"line":13,"column":23},"end":{"line":49,"column":1}},"line":13},"1":{"name":"(anonymous_1)","decl":{"start":{"line":16,"column":30},"end":{"line":16,"column":31}},"loc":{"start":{"line":16,"column":52},"end":{"line":16,"column":65}},"line":16},"2":{"name":"(anonymous_2)","decl":{"start":{"line":38,"column":20},"end":{"line":38,"column":21}},"loc":{"start":{"line":39,"column":8},"end":{"line":43,"column":10}},"line":39}},"branchMap":{"0":{"loc":{"start":{"line":26,"column":2},"end":{"line":29,"column":3}},"type":"if","locations":[{"start":{"line":26,"column":2},"end":{"line":29,"column":3}},{"start":{"line":26,"column":2},"end":{"line":29,"column":3}}],"line":26},"1":{"loc":{"start":{"line":26,"column":6},"end":{"line":26,"column":36}},"type":"binary-expr","locations":[{"start":{"line":26,"column":6},"end":{"line":26,"column":16}},{"start":{"line":26,"column":20},"end":{"line":26,"column":28}},{"start":{"line":26,"column":32},"end":{"line":26,"column":36}}],"line":26},"2":{"loc":{"start":{"line":31,"column":9},"end":{"line":48,"column":3}},"type":"cond-expr","locations":[{"start":{"line":32,"column":4},"end":{"line":45,"column":17}},{"start":{"line":47,"column":4},"end":{"line":47,"column":25}}],"line":31}},"s":{"0":2,"1":0,"2":0,"3":0,"4":0,"5":0,"6":0,"7":0,"8":0,"9":0,"10":0,"11":2},"f":{"0":0,"1":0,"2":0},"b":{"0":[0,0],"1":[0,0,0],"2":[0,0]},"_coverageSchema":"1a1c01bbd47fc00a2c39e90264f33305004495a9","hash":"9da80ad7c473c4af103b007a7f1b65663a442272"}
,"/Users/jhu/Projects/Interviews/WeatherWidget/src/Views/Forecast/actions.ts": {"path":"/Users/jhu/Projects/Interviews/WeatherWidget/src/Views/Forecast/actions.ts","statementMap":{"0":{"start":{"line":4,"column":2},"end":{"line":7,"column":4}}},"fnMap":{"0":{"name":"saveForecast","decl":{"start":{"line":3,"column":16},"end":{"line":3,"column":28}},"loc":{"start":{"line":3,"column":73},"end":{"line":8,"column":1}},"line":3}},"branchMap":{},"s":{"0":2},"f":{"0":2},"b":{},"_coverageSchema":"1a1c01bbd47fc00a2c39e90264f33305004495a9","hash":"d4d19a6a44f756a51fb2b36017c09242cee16c43"}
,"/Users/jhu/Projects/Interviews/WeatherWidget/src/Views/Forecast/index.ts": {"path":"/Users/jhu/Projects/Interviews/WeatherWidget/src/Views/Forecast/index.ts","statementMap":{},"fnMap":{},"branchMap":{},"s":{},"f":{},"b":{},"_coverageSchema":"1a1c01bbd47fc00a2c39e90264f33305004495a9","hash":"7974c1c8fa57ffce7b9e8540ee997adada89f3d5"}
,"/Users/jhu/Projects/Interviews/WeatherWidget/src/Views/Forecast/reducer.ts": {"path":"/Users/jhu/Projects/Interviews/WeatherWidget/src/Views/Forecast/reducer.ts","statementMap":{"0":{"start":{"line":7,"column":2},"end":{"line":13,"column":3}},"1":{"start":{"line":9,"column":6},"end":{"line":9,"column":29}},"2":{"start":{"line":12,"column":6},"end":{"line":12,"column":19}}},"fnMap":{"0":{"name":"forecastReducer","decl":{"start":{"line":3,"column":16},"end":{"line":3,"column":31}},"loc":{"start":{"line":6,"column":24},"end":{"line":14,"column":1}},"line":6}},"branchMap":{"0":{"loc":{"start":{"line":4,"column":2},"end":{"line":4,"column":36}},"type":"default-arg","locations":[{"start":{"line":4,"column":32},"end":{"line":4,"column":36}}],"line":4},"1":{"loc":{"start":{"line":7,"column":2},"end":{"line":13,"column":3}},"type":"switch","locations":[{"start":{"line":8,"column":4},"end":{"line":9,"column":29}},{"start":{"line":11,"column":4},"end":{"line":12,"column":19}}],"line":7}},"s":{"0":1,"1":1,"2":0},"f":{"0":1},"b":{"0":[0],"1":[1,0]},"_coverageSchema":"1a1c01bbd47fc00a2c39e90264f33305004495a9","hash":"9dc87100d5b1d6242c647a540a791abe37c4abad"}
,"/Users/jhu/Projects/Interviews/WeatherWidget/src/Views/Forecast/types.ts": {"path":"/Users/jhu/Projects/Interviews/WeatherWidget/src/Views/Forecast/types.ts","statementMap":{"0":{"start":{"line":29,"column":29},"end":{"line":29,"column":44}}},"fnMap":{},"branchMap":{},"s":{"0":4},"f":{},"b":{},"_coverageSchema":"1a1c01bbd47fc00a2c39e90264f33305004495a9","hash":"da7eb338d33c491f114d44f3d6c8a28aef54c98f"}
,"/Users/jhu/Projects/Interviews/WeatherWidget/src/Views/Weather/Weather.tsx": {"path":"/Users/jhu/Projects/Interviews/WeatherWidget/src/Views/Weather/Weather.tsx","statementMap":{"0":{"start":{"line":8,"column":16},"end":{"line":20,"column":1}},"1":{"start":{"line":9,"column":2},"end":{"line":19,"column":9}},"2":{"start":{"line":22,"column":15},"end":{"line":42,"column":2}}},"fnMap":{"0":{"name":"(anonymous_0)","decl":{"start":{"line":8,"column":16},"end":{"line":8,"column":17}},"loc":{"start":{"line":9,"column":2},"end":{"line":19,"column":9}},"line":9}},"branchMap":{},"s":{"0":1,"1":0,"2":1},"f":{"0":0},"b":{},"_coverageSchema":"1a1c01bbd47fc00a2c39e90264f33305004495a9","hash":"6399447c3fc10928f0f208990d37ee668a929cf1"}
,"/Users/jhu/Projects/Interviews/WeatherWidget/src/constants/a11y.ts": {"path":"/Users/jhu/Projects/Interviews/WeatherWidget/src/constants/a11y.ts","statementMap":{"0":{"start":{"line":1,"column":27},"end":{"line":14,"column":1}}},"fnMap":{},"branchMap":{},"s":{"0":8},"f":{},"b":{},"_coverageSchema":"1a1c01bbd47fc00a2c39e90264f33305004495a9","hash":"2ac9f760ebf47bc63acbe8ec4f2eeff7799330b3"}
,"/Users/jhu/Projects/Interviews/WeatherWidget/src/constants/strings.ts": {"path":"/Users/jhu/Projects/Interviews/WeatherWidget/src/constants/strings.ts","statementMap":{"0":{"start":{"line":1,"column":23},"end":{"line":38,"column":1}}},"fnMap":{},"branchMap":{},"s":{"0":7},"f":{},"b":{},"_coverageSchema":"1a1c01bbd47fc00a2c39e90264f33305004495a9","hash":"478dd885f69b18f2ac606fdb537f2b4064971b6a"}
,"/Users/jhu/Projects/Interviews/WeatherWidget/src/hooks/reducers.ts": {"path":"/Users/jhu/Projects/Interviews/WeatherWidget/src/hooks/reducers.ts","statementMap":{"0":{"start":{"line":14,"column":32},"end":{"line":39,"column":1}},"1":{"start":{"line":15,"column":2},"end":{"line":38,"column":3}},"2":{"start":{"line":17,"column":6},"end":{"line":21,"column":8}},"3":{"start":{"line":23,"column":6},"end":{"line":28,"column":8}},"4":{"start":{"line":30,"column":6},"end":{"line":34,"column":8}},"5":{"start":{"line":37,"column":6},"end":{"line":37,"column":24}}},"fnMap":{"0":{"name":"(anonymous_0)","decl":{"start":{"line":14,"column":32},"end":{"line":14,"column":33}},"loc":{"start":{"line":14,"column":77},"end":{"line":39,"column":1}},"line":14}},"branchMap":{"0":{"loc":{"start":{"line":15,"column":2},"end":{"line":38,"column":3}},"type":"switch","locations":[{"start":{"line":16,"column":4},"end":{"line":21,"column":8}},{"start":{"line":22,"column":4},"end":{"line":28,"column":8}},{"start":{"line":29,"column":4},"end":{"line":34,"column":8}},{"start":{"line":36,"column":4},"end":{"line":37,"column":24}}],"line":15}},"s":{"0":5,"1":0,"2":0,"3":0,"4":0,"5":0},"f":{"0":0},"b":{"0":[0,0,0,0]},"_coverageSchema":"1a1c01bbd47fc00a2c39e90264f33305004495a9","hash":"11c058bba4745d8e9e6750b9d420804b8dd5a0c6"}
,"/Users/jhu/Projects/Interviews/WeatherWidget/src/hooks/types.ts": {"path":"/Users/jhu/Projects/Interviews/WeatherWidget/src/hooks/types.ts","statementMap":{"0":{"start":{"line":9,"column":26},"end":{"line":9,"column":38}},"1":{"start":{"line":10,"column":29},"end":{"line":10,"column":44}},"2":{"start":{"line":11,"column":29},"end":{"line":11,"column":44}}},"fnMap":{},"branchMap":{},"s":{"0":5,"1":5,"2":5},"f":{},"b":{},"_coverageSchema":"1a1c01bbd47fc00a2c39e90264f33305004495a9","hash":"ae667fada1b80a389dcb6a2e4c1fec3b72a224e5"}
,"/Users/jhu/Projects/Interviews/WeatherWidget/src/hooks/useApi.ts": {"path":"/Users/jhu/Projects/Interviews/WeatherWidget/src/hooks/useApi.ts","statementMap":{"0":{"start":{"line":16,"column":22},"end":{"line":57,"column":1}},"1":{"start":{"line":22,"column":28},"end":{"line":25,"column":4}},"2":{"start":{"line":27,"column":20},"end":{"line":27,"column":22}},"3":{"start":{"line":28,"column":2},"end":{"line":32,"column":26}},"4":{"start":{"line":29,"column":4},"end":{"line":31,"column":5}},"5":{"start":{"line":30,"column":6},"end":{"line":30,"column":45}},"6":{"start":{"line":32,"column":9},"end":{"line":32,"column":26}},"7":{"start":{"line":33,"column":14},"end":{"line":33,"column":78}},"8":{"start":{"line":35,"column":2},"end":{"line":54,"column":22}},"9":{"start":{"line":36,"column":20},"end":{"line":36,"column":25}},"10":{"start":{"line":38,"column":22},"end":{"line":47,"column":5}},"11":{"start":{"line":39,"column":6},"end":{"line":39,"column":37}},"12":{"start":{"line":40,"column":6},"end":{"line":46,"column":7}},"13":{"start":{"line":41,"column":23},"end":{"line":41,"column":39}},"14":{"start":{"line":42,"column":8},"end":{"line":42,"column":80}},"15":{"start":{"line":42,"column":24},"end":{"line":42,"column":80}},"16":{"start":{"line":44,"column":8},"end":{"line":44,"column":38}},"17":{"start":{"line":45,"column":8},"end":{"line":45,"column":58}},"18":{"start":{"line":45,"column":24},"end":{"line":45,"column":58}},"19":{"start":{"line":49,"column":4},"end":{"line":49,"column":28}},"20":{"start":{"line":51,"column":4},"end":{"line":53,"column":6}},"21":{"start":{"line":52,"column":6},"end":{"line":52,"column":23}},"22":{"start":{"line":56,"column":2},"end":{"line":56,"column":15}}},"fnMap":{"0":{"name":"(anonymous_0)","decl":{"start":{"line":16,"column":22},"end":{"line":16,"column":23}},"loc":{"start":{"line":21,"column":5},"end":{"line":57,"column":1}},"line":21},"1":{"name":"(anonymous_1)","decl":{"start":{"line":35,"column":12},"end":{"line":35,"column":13}},"loc":{"start":{"line":35,"column":18},"end":{"line":54,"column":3}},"line":35},"2":{"name":"(anonymous_2)","decl":{"start":{"line":38,"column":22},"end":{"line":38,"column":23}},"loc":{"start":{"line":38,"column":34},"end":{"line":47,"column":5}},"line":38},"3":{"name":"(anonymous_3)","decl":{"start":{"line":51,"column":11},"end":{"line":51,"column":12}},"loc":{"start":{"line":51,"column":17},"end":{"line":53,"column":5}},"line":51}},"branchMap":{"0":{"loc":{"start":{"line":17,"column":2},"end":{"line":17,"column":34}},"type":"default-arg","locations":[{"start":{"line":17,"column":20},"end":{"line":17,"column":34}}],"line":17},"1":{"loc":{"start":{"line":20,"column":2},"end":{"line":20,"column":26}},"type":"default-arg","locations":[{"start":{"line":20,"column":22},"end":{"line":20,"column":26}}],"line":20},"2":{"loc":{"start":{"line":28,"column":2},"end":{"line":32,"column":26}},"type":"if","locations":[{"start":{"line":28,"column":2},"end":{"line":32,"column":26}},{"start":{"line":28,"column":2},"end":{"line":32,"column":26}}],"line":28},"3":{"loc":{"start":{"line":42,"column":8},"end":{"line":42,"column":80}},"type":"if","locations":[{"start":{"line":42,"column":8},"end":{"line":42,"column":80}},{"start":{"line":42,"column":8},"end":{"line":42,"column":80}}],"line":42},"4":{"loc":{"start":{"line":44,"column":8},"end":{"line":44,"column":37}},"type":"binary-expr","locations":[{"start":{"line":44,"column":8},"end":{"line":44,"column":15}},{"start":{"line":44,"column":19},"end":{"line":44,"column":37}}],"line":44},"5":{"loc":{"start":{"line":45,"column":8},"end":{"line":45,"column":58}},"type":"if","locations":[{"start":{"line":45,"column":8},"end":{"line":45,"column":58}},{"start":{"line":45,"column":8},"end":{"line":45,"column":58}}],"line":45},"6":{"loc":{"start":{"line":49,"column":4},"end":{"line":49,"column":27}},"type":"binary-expr","locations":[{"start":{"line":49,"column":4},"end":{"line":49,"column":12}},{"start":{"line":49,"column":16},"end":{"line":49,"column":27}}],"line":49}},"s":{"0":5,"1":0,"2":0,"3":0,"4":0,"5":0,"6":0,"7":0,"8":0,"9":0,"10":0,"11":0,"12":0,"13":0,"14":0,"15":0,"16":0,"17":0,"18":0,"19":0,"20":0,"21":0,"22":0},"f":{"0":0,"1":0,"2":0,"3":0},"b":{"0":[0],"1":[0],"2":[0,0],"3":[0,0],"4":[0,0],"5":[0,0],"6":[0,0]},"_coverageSchema":"1a1c01bbd47fc00a2c39e90264f33305004495a9","hash":"4db99ad353a7718b78784702733a63c67cf32220"}
,"/Users/jhu/Projects/Interviews/WeatherWidget/src/hooks/useLocation.ts": {"path":"/Users/jhu/Projects/Interviews/WeatherWidget/src/hooks/useLocation.ts","statementMap":{"0":{"start":{"line":7,"column":27},"end":{"line":38,"column":1}},"1":{"start":{"line":8,"column":44},"end":{"line":8,"column":54}},"2":{"start":{"line":10,"column":2},"end":{"line":35,"column":9}},"3":{"start":{"line":11,"column":4},"end":{"line":34,"column":9}},"4":{"start":{"line":13,"column":8},"end":{"line":30,"column":13}},"5":{"start":{"line":14,"column":10},"end":{"line":25,"column":12}},"6":{"start":{"line":16,"column":14},"end":{"line":19,"column":17}},"7":{"start":{"line":22,"column":14},"end":{"line":22,"column":46}},"8":{"start":{"line":22,"column":27},"end":{"line":22,"column":46}},"9":{"start":{"line":27,"column":10},"end":{"line":30,"column":13}},"10":{"start":{"line":33,"column":8},"end":{"line":33,"column":40}},"11":{"start":{"line":33,"column":21},"end":{"line":33,"column":40}},"12":{"start":{"line":37,"column":2},"end":{"line":37,"column":23}}},"fnMap":{"0":{"name":"(anonymous_0)","decl":{"start":{"line":7,"column":27},"end":{"line":7,"column":28}},"loc":{"start":{"line":7,"column":33},"end":{"line":38,"column":1}},"line":7},"1":{"name":"(anonymous_1)","decl":{"start":{"line":10,"column":12},"end":{"line":10,"column":13}},"loc":{"start":{"line":10,"column":18},"end":{"line":35,"column":3}},"line":10},"2":{"name":"(anonymous_2)","decl":{"start":{"line":12,"column":12},"end":{"line":12,"column":13}},"loc":{"start":{"line":12,"column":22},"end":{"line":31,"column":7}},"line":12},"3":{"name":"(anonymous_3)","decl":{"start":{"line":15,"column":12},"end":{"line":15,"column":13}},"loc":{"start":{"line":15,"column":24},"end":{"line":20,"column":13}},"line":15},"4":{"name":"(anonymous_4)","decl":{"start":{"line":21,"column":12},"end":{"line":21,"column":13}},"loc":{"start":{"line":21,"column":21},"end":{"line":23,"column":13}},"line":21},"5":{"name":"(anonymous_5)","decl":{"start":{"line":32,"column":13},"end":{"line":32,"column":14}},"loc":{"start":{"line":32,"column":22},"end":{"line":34,"column":7}},"line":32}},"branchMap":{"0":{"loc":{"start":{"line":13,"column":8},"end":{"line":30,"column":13}},"type":"if","locations":[{"start":{"line":13,"column":8},"end":{"line":30,"column":13}},{"start":{"line":13,"column":8},"end":{"line":30,"column":13}}],"line":13},"1":{"loc":{"start":{"line":22,"column":14},"end":{"line":22,"column":46}},"type":"if","locations":[{"start":{"line":22,"column":14},"end":{"line":22,"column":46}},{"start":{"line":22,"column":14},"end":{"line":22,"column":46}}],"line":22},"2":{"loc":{"start":{"line":33,"column":8},"end":{"line":33,"column":40}},"type":"if","locations":[{"start":{"line":33,"column":8},"end":{"line":33,"column":40}},{"start":{"line":33,"column":8},"end":{"line":33,"column":40}}],"line":33}},"s":{"0":4,"1":0,"2":0,"3":0,"4":0,"5":0,"6":0,"7":0,"8":0,"9":0,"10":0,"11":0,"12":0},"f":{"0":0,"1":0,"2":0,"3":0,"4":0,"5":0},"b":{"0":[0,0],"1":[0,0],"2":[0,0]},"_coverageSchema":"1a1c01bbd47fc00a2c39e90264f33305004495a9","hash":"b9af175711bf7dadb8f12e0f0201e297d73b845d"}
,"/Users/jhu/Projects/Interviews/WeatherWidget/src/styles/colors.ts": {"path":"/Users/jhu/Projects/Interviews/WeatherWidget/src/styles/colors.ts","statementMap":{"0":{"start":{"line":1,"column":22},"end":{"line":8,"column":1}}},"fnMap":{},"branchMap":{},"s":{"0":9},"f":{},"b":{},"_coverageSchema":"1a1c01bbd47fc00a2c39e90264f33305004495a9","hash":"24640490f9883ffb6e7c869b8f9123ad6773236e"}
,"/Users/jhu/Projects/Interviews/WeatherWidget/src/utils/index.ts": {"path":"/Users/jhu/Projects/Interviews/WeatherWidget/src/utils/index.ts","statementMap":{"0":{"start":{"line":2,"column":2},"end":{"line":2,"column":35}},"1":{"start":{"line":2,"column":23},"end":{"line":2,"column":35}},"2":{"start":{"line":3,"column":2},"end":{"line":12,"column":3}},"3":{"start":{"line":5,"column":6},"end":{"line":5,"column":18}},"4":{"start":{"line":7,"column":6},"end":{"line":7,"column":18}},"5":{"start":{"line":9,"column":6},"end":{"line":9,"column":18}},"6":{"start":{"line":11,"column":6},"end":{"line":11,"column":18}},"7":{"start":{"line":16,"column":2},"end":{"line":16,"column":57}},"8":{"start":{"line":20,"column":2},"end":{"line":20,"column":62}},"9":{"start":{"line":24,"column":2},"end":{"line":24,"column":70}}},"fnMap":{"0":{"name":"nth","decl":{"start":{"line":1,"column":16},"end":{"line":1,"column":19}},"loc":{"start":{"line":1,"column":31},"end":{"line":13,"column":1}},"line":1},"1":{"name":"getFahrenheitFromCelsius","decl":{"start":{"line":15,"column":16},"end":{"line":15,"column":40}},"loc":{"start":{"line":15,"column":58},"end":{"line":17,"column":1}},"line":15},"2":{"name":"getCelsiusFromFahrenheit","decl":{"start":{"line":19,"column":16},"end":{"line":19,"column":40}},"loc":{"start":{"line":19,"column":61},"end":{"line":21,"column":1}},"line":19},"3":{"name":"getWeatherIconUri","decl":{"start":{"line":23,"column":16},"end":{"line":23,"column":33}},"loc":{"start":{"line":23,"column":52},"end":{"line":25,"column":1}},"line":23}},"branchMap":{"0":{"loc":{"start":{"line":2,"column":2},"end":{"line":2,"column":35}},"type":"if","locations":[{"start":{"line":2,"column":2},"end":{"line":2,"column":35}},{"start":{"line":2,"column":2},"end":{"line":2,"column":35}}],"line":2},"1":{"loc":{"start":{"line":2,"column":6},"end":{"line":2,"column":21}},"type":"binary-expr","locations":[{"start":{"line":2,"column":6},"end":{"line":2,"column":11}},{"start":{"line":2,"column":15},"end":{"line":2,"column":21}}],"line":2},"2":{"loc":{"start":{"line":3,"column":2},"end":{"line":12,"column":3}},"type":"switch","locations":[{"start":{"line":4,"column":4},"end":{"line":5,"column":18}},{"start":{"line":6,"column":4},"end":{"line":7,"column":18}},{"start":{"line":8,"column":4},"end":{"line":9,"column":18}},{"start":{"line":10,"column":4},"end":{"line":11,"column":18}}],"line":3}},"s":{"0":0,"1":0,"2":0,"3":0,"4":0,"5":0,"6":0,"7":0,"8":0,"9":0},"f":{"0":0,"1":0,"2":0,"3":0},"b":{"0":[0,0],"1":[0,0],"2":[0,0,0,0]},"_coverageSchema":"1a1c01bbd47fc00a2c39e90264f33305004495a9","hash":"8b01af75835bf6900b9df42cf2cb7a56f8d863d0"}
,"/Users/jhu/Projects/Interviews/WeatherWidget/src/utils/permission.ts": {"path":"/Users/jhu/Projects/Interviews/WeatherWidget/src/utils/permission.ts","statementMap":{"0":{"start":{"line":7,"column":2},"end":{"line":9,"column":70}},"1":{"start":{"line":8,"column":4},"end":{"line":8,"column":63}},"2":{"start":{"line":9,"column":7},"end":{"line":9,"column":70}},"3":{"start":{"line":11,"column":2},"end":{"line":20,"column":3}},"4":{"start":{"line":11,"column":34},"end":{"line":11,"column":46}},"5":{"start":{"line":12,"column":7},"end":{"line":20,"column":3}},"6":{"start":{"line":13,"column":4},"end":{"line":13,"column":17}},"7":{"start":{"line":15,"column":4},"end":{"line":17,"column":74}},"8":{"start":{"line":16,"column":6},"end":{"line":16,"column":67}},"9":{"start":{"line":17,"column":9},"end":{"line":17,"column":74}},"10":{"start":{"line":18,"column":4},"end":{"line":19,"column":22}},"11":{"start":{"line":18,"column":36},"end":{"line":18,"column":48}},"12":{"start":{"line":19,"column":9},"end":{"line":19,"column":22}}},"fnMap":{"0":{"name":"getLocationPermission","decl":{"start":{"line":4,"column":22},"end":{"line":4,"column":43}},"loc":{"start":{"line":4,"column":64},"end":{"line":21,"column":1}},"line":4}},"branchMap":{"0":{"loc":{"start":{"line":7,"column":2},"end":{"line":9,"column":70}},"type":"if","locations":[{"start":{"line":7,"column":2},"end":{"line":9,"column":70}},{"start":{"line":7,"column":2},"end":{"line":9,"column":70}}],"line":7},"1":{"loc":{"start":{"line":11,"column":2},"end":{"line":20,"column":3}},"type":"if","locations":[{"start":{"line":11,"column":2},"end":{"line":20,"column":3}},{"start":{"line":11,"column":2},"end":{"line":20,"column":3}}],"line":11},"2":{"loc":{"start":{"line":12,"column":7},"end":{"line":20,"column":3}},"type":"if","locations":[{"start":{"line":12,"column":7},"end":{"line":20,"column":3}},{"start":{"line":12,"column":7},"end":{"line":20,"column":3}}],"line":12},"3":{"loc":{"start":{"line":12,"column":11},"end":{"line":12,"column":71}},"type":"binary-expr","locations":[{"start":{"line":12,"column":11},"end":{"line":12,"column":41}},{"start":{"line":12,"column":45},"end":{"line":12,"column":71}}],"line":12},"4":{"loc":{"start":{"line":15,"column":4},"end":{"line":17,"column":74}},"type":"if","locations":[{"start":{"line":15,"column":4},"end":{"line":17,"column":74}},{"start":{"line":15,"column":4},"end":{"line":17,"column":74}}],"line":15},"5":{"loc":{"start":{"line":18,"column":4},"end":{"line":19,"column":22}},"type":"if","locations":[{"start":{"line":18,"column":4},"end":{"line":19,"column":22}},{"start":{"line":18,"column":4},"end":{"line":19,"column":22}}],"line":18}},"s":{"0":0,"1":0,"2":0,"3":0,"4":0,"5":0,"6":0,"7":0,"8":0,"9":0,"10":0,"11":0,"12":0},"f":{"0":0},"b":{"0":[0,0],"1":[0,0],"2":[0,0],"3":[0,0],"4":[0,0],"5":[0,0]},"_coverageSchema":"1a1c01bbd47fc00a2c39e90264f33305004495a9","hash":"e8c2bf437f301ead43344f2f70050ac21a361655"}
}
